<?xml version="1.0" encoding="UTF-8"?>
<!-- Generated by org.testng.reporters.JUnitXMLReporter -->
<testsuite ignored="0" hostname="Alpha01" failures="0" tests="3" name="Surefire test" time="8.622" errors="0" timestamp="2024-10-03T08:16:01 IST">
  <testcase classname="naukriProfile.com.NaukriUpdateTest" name="loginToApplication" time="0.341"/>
  <testcase classname="naukriProfile.com.NaukriUpdateTest" name="updateProfile" time="2.668"/>
  <testcase classname="naukriProfile.com.NaukriUpdateTest" name="logout" time="0.609"/>
</testsuite> <!-- Surefire test -->
