<?xml version="1.0" encoding="UTF-8"?>
<!-- Generated by org.testng.reporters.JUnitXMLReporter -->
<testsuite ignored="0" hostname="Alpha01" failures="0" tests="3" name="Default test" time="6.315" errors="0" timestamp="2024-09-30T18:19:31 IST">
  <testcase classname="naukriProfile.com.NaukriUpdate" name="loginToApplication" time="0.288"/>
  <testcase classname="naukriProfile.com.NaukriUpdate" name="updateProfile" time="1.857"/>
  <testcase classname="naukriProfile.com.NaukriUpdate" name="logout" time="0.63"/>
</testsuite> <!-- Default test -->
