<?xml version="1.0" encoding="UTF-8"?>
<!-- Generated by org.testng.reporters.JUnitXMLReporter -->
<testsuite ignored="0" hostname="Alpha01" failures="0" tests="3" name="Default test" time="6.578" errors="0" timestamp="2024-10-02T07:52:05 IST">
  <testcase classname="naukriProfile.com.NaukriUpdate" name="loginToApplication" time="0.387"/>
  <testcase classname="naukriProfile.com.NaukriUpdate" name="updateProfile" time="1.886"/>
  <testcase classname="naukriProfile.com.NaukriUpdate" name="logout" time="0.624"/>
</testsuite> <!-- Default test -->
