<?xml version="1.0" encoding="UTF-8"?>
<!-- Generated by org.testng.reporters.JUnitXMLReporter -->
<testsuite ignored="0" hostname="Alpha01" failures="0" tests="3" name="Test" time="6.209" errors="0" timestamp="2024-10-01T22:30:57 IST">
  <testcase classname="naukriProfile.com.NaukriUpdate" name="loginToApplication" time="0.306"/>
  <testcase classname="naukriProfile.com.NaukriUpdate" name="updateProfile" time="1.665"/>
  <testcase classname="naukriProfile.com.NaukriUpdate" name="logout" time="0.639"/>
</testsuite> <!-- Test -->
