<?xml version="1.0" encoding="UTF-8"?>
<testng-results ignored="0" total="3" passed="3" failed="0" skipped="0">
  <reporter-output>
  </reporter-output>
  <suite started-at="2024-09-30T18:19:25 IST" name="Default suite" finished-at="2024-09-30T18:19:31 IST" duration-ms="6315">
    <groups>
    </groups>
    <test started-at="2024-09-30T18:19:25 IST" name="Default test" finished-at="2024-09-30T18:19:31 IST" duration-ms="6315">
      <class name="naukriProfile.com.NaukriUpdate">
        <test-method is-config="true" signature="applicationLaunch()[pri:0, instance:naukriProfile.com.NaukriUpdate@4135c3b]" started-at="2024-09-30T18:19:25 IST" name="applicationLaunch" finished-at="2024-09-30T18:19:28 IST" duration-ms="3354" status="PASS">
          <reporter-output>
          </reporter-output>
        </test-method> <!-- applicationLaunch -->
        <test-method signature="loginToApplication()[pri:1, instance:naukriProfile.com.NaukriUpdate@4135c3b]" started-at="2024-09-30T18:19:28 IST" name="loginToApplication" finished-at="2024-09-30T18:19:28 IST" duration-ms="288" status="PASS">
          <reporter-output>
          </reporter-output>
        </test-method> <!-- loginToApplication -->
        <test-method signature="updateProfile()[pri:2, instance:naukriProfile.com.NaukriUpdate@4135c3b]" started-at="2024-09-30T18:19:28 IST" name="updateProfile" finished-at="2024-09-30T18:19:30 IST" duration-ms="1857" status="PASS">
          <reporter-output>
          </reporter-output>
        </test-method> <!-- updateProfile -->
        <test-method signature="logout()[pri:3, instance:naukriProfile.com.NaukriUpdate@4135c3b]" started-at="2024-09-30T18:19:30 IST" name="logout" finished-at="2024-09-30T18:19:31 IST" duration-ms="630" status="PASS">
          <reporter-output>
          </reporter-output>
        </test-method> <!-- logout -->
        <test-method is-config="true" signature="teardown()[pri:0, instance:naukriProfile.com.NaukriUpdate@4135c3b]" started-at="2024-09-30T18:19:31 IST" name="teardown" finished-at="2024-09-30T18:19:31 IST" duration-ms="149" status="PASS">
          <reporter-output>
          </reporter-output>
        </test-method> <!-- teardown -->
      </class> <!-- naukriProfile.com.NaukriUpdate -->
    </test> <!-- Default test -->
  </suite> <!-- Default suite -->
</testng-results>
